[0.574s] DEBUG:colcon:Command line arguments: ['/usr/bin/colcon', 'build']
[0.574s] DEBUG:colcon:Parsed command line arguments: Namespace(log_base=None, log_level=None, verb_name='build', build_base='build', install_base='install', merge_install=False, symlink_install=False, test_result_base=None, continue_on_error=False, executor='parallel', parallel_workers=2, event_handlers=None, ignore_user_meta=False, metas=['./colcon.meta'], base_paths=['.'], packages_ignore=None, packages_ignore_regex=None, paths=None, packages_up_to=None, packages_up_to_regex=None, packages_above=None, packages_above_and_dependencies=None, packages_above_depth=None, packages_select_by_dep=None, packages_skip_by_dep=None, packages_skip_up_to=None, packages_select_build_failed=False, packages_skip_build_finished=False, packages_select_test_failures=False, packages_skip_test_passed=False, packages_select=None, packages_skip=None, packages_select_regex=None, packages_skip_regex=None, packages_start=None, packages_end=None, allow_overriding=[], cmake_args=None, cmake_target=None, cmake_target_skip_unavailable=False, cmake_clean_cache=False, cmake_clean_first=False, cmake_force_configure=False, ament_cmake_args=None, catkin_cmake_args=None, catkin_skip_building_tests=False, verb_parser=<colcon_defaults.argument_parser.defaults.DefaultArgumentsDecorator object at 0x7df4baf73d60>, verb_extension=<colcon_core.verb.build.BuildVerb object at 0x7df4baf72d70>, main=<bound method BuildVerb.main of <colcon_core.verb.build.BuildVerb object at 0x7df4baf72d70>>)
[1.106s] Level 1:colcon.colcon_core.package_discovery:discover_packages(colcon_meta) check parameters
[1.107s] Level 1:colcon.colcon_core.package_discovery:discover_packages(recursive) check parameters
[1.107s] Level 1:colcon.colcon_core.package_discovery:discover_packages(ignore) check parameters
[1.107s] Level 1:colcon.colcon_core.package_discovery:discover_packages(path) check parameters
[1.107s] Level 1:colcon.colcon_core.package_discovery:discover_packages(colcon_meta) discover
[1.107s] Level 1:colcon.colcon_core.package_discovery:discover_packages(recursive) discover
[1.108s] INFO:colcon.colcon_core.package_discovery:Crawling recursively for packages in '/home/max/ros2fish/chapt3_service/chapt3_service_ws'
[1.108s] Level 1:colcon.colcon_core.package_identification:_identify(.) by extensions ['ignore', 'ignore_ament_install']
[1.108s] Level 1:colcon.colcon_core.package_identification:_identify(.) by extension 'ignore'
[1.108s] Level 1:colcon.colcon_core.package_identification:_identify(.) by extension 'ignore_ament_install'
[1.108s] Level 1:colcon.colcon_core.package_identification:_identify(.) by extensions ['colcon_pkg']
[1.108s] Level 1:colcon.colcon_core.package_identification:_identify(.) by extension 'colcon_pkg'
[1.109s] Level 1:colcon.colcon_core.package_identification:_identify(.) by extensions ['colcon_meta']
[1.109s] Level 1:colcon.colcon_core.package_identification:_identify(.) by extension 'colcon_meta'
[1.109s] Level 1:colcon.colcon_core.package_identification:_identify(.) by extensions ['ros']
[1.109s] Level 1:colcon.colcon_core.package_identification:_identify(.) by extension 'ros'
[1.140s] Level 1:colcon.colcon_core.package_identification:_identify(.) by extensions ['cmake', 'python']
[1.140s] Level 1:colcon.colcon_core.package_identification:_identify(.) by extension 'cmake'
[1.141s] Level 1:colcon.colcon_core.package_identification:_identify(.) by extension 'python'
[1.142s] Level 1:colcon.colcon_core.package_identification:_identify(.) by extensions ['python_setup_py']
[1.142s] Level 1:colcon.colcon_core.package_identification:_identify(.) by extension 'python_setup_py'
[1.142s] Level 1:colcon.colcon_core.package_identification:_identify(build) by extensions ['ignore', 'ignore_ament_install']
[1.142s] Level 1:colcon.colcon_core.package_identification:_identify(build) by extension 'ignore'
[1.142s] Level 1:colcon.colcon_core.package_identification:_identify(build) ignored
[1.143s] Level 1:colcon.colcon_core.package_identification:_identify(install) by extensions ['ignore', 'ignore_ament_install']
[1.143s] Level 1:colcon.colcon_core.package_identification:_identify(install) by extension 'ignore'
[1.143s] Level 1:colcon.colcon_core.package_identification:_identify(install) ignored
[1.143s] Level 1:colcon.colcon_core.package_identification:_identify(log) by extensions ['ignore', 'ignore_ament_install']
[1.143s] Level 1:colcon.colcon_core.package_identification:_identify(log) by extension 'ignore'
[1.143s] Level 1:colcon.colcon_core.package_identification:_identify(log) ignored
[1.143s] Level 1:colcon.colcon_core.package_identification:_identify(src) by extensions ['ignore', 'ignore_ament_install']
[1.143s] Level 1:colcon.colcon_core.package_identification:_identify(src) by extension 'ignore'
[1.143s] Level 1:colcon.colcon_core.package_identification:_identify(src) by extension 'ignore_ament_install'
[1.143s] Level 1:colcon.colcon_core.package_identification:_identify(src) by extensions ['colcon_pkg']
[1.143s] Level 1:colcon.colcon_core.package_identification:_identify(src) by extension 'colcon_pkg'
[1.144s] Level 1:colcon.colcon_core.package_identification:_identify(src) by extensions ['colcon_meta']
[1.144s] Level 1:colcon.colcon_core.package_identification:_identify(src) by extension 'colcon_meta'
[1.144s] Level 1:colcon.colcon_core.package_identification:_identify(src) by extensions ['ros']
[1.144s] Level 1:colcon.colcon_core.package_identification:_identify(src) by extension 'ros'
[1.144s] Level 1:colcon.colcon_core.package_identification:_identify(src) by extensions ['cmake', 'python']
[1.144s] Level 1:colcon.colcon_core.package_identification:_identify(src) by extension 'cmake'
[1.144s] Level 1:colcon.colcon_core.package_identification:_identify(src) by extension 'python'
[1.144s] Level 1:colcon.colcon_core.package_identification:_identify(src) by extensions ['python_setup_py']
[1.144s] Level 1:colcon.colcon_core.package_identification:_identify(src) by extension 'python_setup_py'
[1.144s] Level 1:colcon.colcon_core.package_identification:_identify(src/example_service_rclcpp) by extensions ['ignore', 'ignore_ament_install']
[1.144s] Level 1:colcon.colcon_core.package_identification:_identify(src/example_service_rclcpp) by extension 'ignore'
[1.144s] Level 1:colcon.colcon_core.package_identification:_identify(src/example_service_rclcpp) by extension 'ignore_ament_install'
[1.144s] Level 1:colcon.colcon_core.package_identification:_identify(src/example_service_rclcpp) by extensions ['colcon_pkg']
[1.144s] Level 1:colcon.colcon_core.package_identification:_identify(src/example_service_rclcpp) by extension 'colcon_pkg'
[1.145s] Level 1:colcon.colcon_core.package_identification:_identify(src/example_service_rclcpp) by extensions ['colcon_meta']
[1.145s] Level 1:colcon.colcon_core.package_identification:_identify(src/example_service_rclcpp) by extension 'colcon_meta'
[1.145s] Level 1:colcon.colcon_core.package_identification:_identify(src/example_service_rclcpp) by extensions ['ros']
[1.145s] Level 1:colcon.colcon_core.package_identification:_identify(src/example_service_rclcpp) by extension 'ros'
[1.151s] DEBUG:colcon.colcon_core.package_identification:Package 'src/example_service_rclcpp' with type 'ros.ament_cmake' and name 'example_service_rclcpp'
[1.151s] Level 1:colcon.colcon_core.package_discovery:discover_packages(recursive) using defaults
[1.151s] Level 1:colcon.colcon_core.package_discovery:discover_packages(ignore) discover
[1.151s] Level 1:colcon.colcon_core.package_discovery:discover_packages(ignore) using defaults
[1.151s] Level 1:colcon.colcon_core.package_discovery:discover_packages(path) discover
[1.151s] Level 1:colcon.colcon_core.package_discovery:discover_packages(path) using defaults
[1.206s] Level 1:colcon.colcon_core.package_discovery:discover_packages(prefix_path) check parameters
[1.206s] Level 1:colcon.colcon_core.package_discovery:discover_packages(prefix_path) discover
[1.211s] DEBUG:colcon.colcon_installed_package_information.package_discovery:Found 1 installed packages in /home/max/ros2fish/chapt3_service/chapt3_service_ws/install
[1.216s] DEBUG:colcon.colcon_installed_package_information.package_discovery:Found 270 installed packages in /opt/ros/humble
[1.219s] Level 1:colcon.colcon_core.package_discovery:discover_packages(prefix_path) using defaults
[1.402s] Level 5:colcon.colcon_core.verb:set package 'example_service_rclcpp' build argument 'cmake_args' from command line to 'None'
[1.403s] Level 5:colcon.colcon_core.verb:set package 'example_service_rclcpp' build argument 'cmake_target' from command line to 'None'
[1.403s] Level 5:colcon.colcon_core.verb:set package 'example_service_rclcpp' build argument 'cmake_target_skip_unavailable' from command line to 'False'
[1.403s] Level 5:colcon.colcon_core.verb:set package 'example_service_rclcpp' build argument 'cmake_clean_cache' from command line to 'False'
[1.403s] Level 5:colcon.colcon_core.verb:set package 'example_service_rclcpp' build argument 'cmake_clean_first' from command line to 'False'
[1.403s] Level 5:colcon.colcon_core.verb:set package 'example_service_rclcpp' build argument 'cmake_force_configure' from command line to 'False'
[1.404s] Level 5:colcon.colcon_core.verb:set package 'example_service_rclcpp' build argument 'ament_cmake_args' from command line to 'None'
[1.404s] Level 5:colcon.colcon_core.verb:set package 'example_service_rclcpp' build argument 'catkin_cmake_args' from command line to 'None'
[1.404s] Level 5:colcon.colcon_core.verb:set package 'example_service_rclcpp' build argument 'catkin_skip_building_tests' from command line to 'False'
[1.404s] DEBUG:colcon.colcon_core.verb:Building package 'example_service_rclcpp' with the following arguments: {'ament_cmake_args': None, 'build_base': '/home/max/ros2fish/chapt3_service/chapt3_service_ws/build/example_service_rclcpp', 'catkin_cmake_args': None, 'catkin_skip_building_tests': False, 'cmake_args': None, 'cmake_clean_cache': False, 'cmake_clean_first': False, 'cmake_force_configure': False, 'cmake_target': None, 'cmake_target_skip_unavailable': False, 'install_base': '/home/max/ros2fish/chapt3_service/chapt3_service_ws/install/example_service_rclcpp', 'merge_install': False, 'path': '/home/max/ros2fish/chapt3_service/chapt3_service_ws/src/example_service_rclcpp', 'symlink_install': False, 'test_result_base': None}
[1.404s] INFO:colcon.colcon_core.executor:Executing jobs using 'parallel' executor
[1.406s] DEBUG:colcon.colcon_parallel_executor.executor.parallel:run_until_complete
[1.408s] INFO:colcon.colcon_ros.task.ament_cmake.build:Building ROS package in '/home/max/ros2fish/chapt3_service/chapt3_service_ws/src/example_service_rclcpp' with build type 'ament_cmake'
[1.408s] INFO:colcon.colcon_cmake.task.cmake.build:Building CMake package in '/home/max/ros2fish/chapt3_service/chapt3_service_ws/src/example_service_rclcpp'
[1.424s] INFO:colcon.colcon_core.plugin_system:Skipping extension 'colcon_core.shell.bat': Not used on non-Windows systems
[1.425s] INFO:colcon.colcon_core.shell:Skip shell extension 'powershell' for command environment: Not usable outside of PowerShell
[1.425s] DEBUG:colcon.colcon_core.shell:Skip shell extension 'dsv' for command environment
[1.454s] DEBUG:colcon.colcon_core.event_handler.log_command:Invoking command in '/home/max/ros2fish/chapt3_service/chapt3_service_ws/build/example_service_rclcpp': CMAKE_PREFIX_PATH=${CMAKE_PREFIX_PATH}:/opt/ros/humble /usr/bin/cmake --build /home/max/ros2fish/chapt3_service/chapt3_service_ws/build/example_service_rclcpp -- -j2 -l2
[7.528s] DEBUG:colcon.colcon_core.event_handler.log_command:Invoked command in '/home/max/ros2fish/chapt3_service/chapt3_service_ws/build/example_service_rclcpp' returned '0': CMAKE_PREFIX_PATH=${CMAKE_PREFIX_PATH}:/opt/ros/humble /usr/bin/cmake --build /home/max/ros2fish/chapt3_service/chapt3_service_ws/build/example_service_rclcpp -- -j2 -l2
[7.596s] DEBUG:colcon.colcon_core.event_handler.log_command:Invoking command in '/home/max/ros2fish/chapt3_service/chapt3_service_ws/build/example_service_rclcpp': CMAKE_PREFIX_PATH=${CMAKE_PREFIX_PATH}:/opt/ros/humble /usr/bin/cmake --install /home/max/ros2fish/chapt3_service/chapt3_service_ws/build/example_service_rclcpp
[7.637s] Level 1:colcon.colcon_core.environment:create_environment_scripts_only(example_service_rclcpp)
[7.640s] Level 1:colcon.colcon_core.environment:checking '/home/max/ros2fish/chapt3_service/chapt3_service_ws/install/example_service_rclcpp' for CMake module files
[7.641s] DEBUG:colcon.colcon_core.event_handler.log_command:Invoked command in '/home/max/ros2fish/chapt3_service/chapt3_service_ws/build/example_service_rclcpp' returned '0': CMAKE_PREFIX_PATH=${CMAKE_PREFIX_PATH}:/opt/ros/humble /usr/bin/cmake --install /home/max/ros2fish/chapt3_service/chapt3_service_ws/build/example_service_rclcpp
[7.645s] Level 1:colcon.colcon_core.environment:checking '/home/max/ros2fish/chapt3_service/chapt3_service_ws/install/example_service_rclcpp' for CMake config files
[7.645s] Level 1:colcon.colcon_core.shell:create_environment_hook('example_service_rclcpp', 'cmake_prefix_path')
[7.646s] INFO:colcon.colcon_core.shell:Creating environment hook '/home/max/ros2fish/chapt3_service/chapt3_service_ws/install/example_service_rclcpp/share/example_service_rclcpp/hook/cmake_prefix_path.ps1'
[7.647s] INFO:colcon.colcon_core.shell:Creating environment descriptor '/home/max/ros2fish/chapt3_service/chapt3_service_ws/install/example_service_rclcpp/share/example_service_rclcpp/hook/cmake_prefix_path.dsv'
[7.648s] INFO:colcon.colcon_core.shell:Creating environment hook '/home/max/ros2fish/chapt3_service/chapt3_service_ws/install/example_service_rclcpp/share/example_service_rclcpp/hook/cmake_prefix_path.sh'
[7.651s] Level 1:colcon.colcon_core.environment:checking '/home/max/ros2fish/chapt3_service/chapt3_service_ws/install/example_service_rclcpp/lib'
[7.652s] Level 1:colcon.colcon_core.environment:checking '/home/max/ros2fish/chapt3_service/chapt3_service_ws/install/example_service_rclcpp/bin'
[7.652s] Level 1:colcon.colcon_core.environment:checking '/home/max/ros2fish/chapt3_service/chapt3_service_ws/install/example_service_rclcpp/lib/pkgconfig/example_service_rclcpp.pc'
[7.652s] Level 1:colcon.colcon_core.environment:checking '/home/max/ros2fish/chapt3_service/chapt3_service_ws/install/example_service_rclcpp/lib/python3.10/site-packages'
[7.652s] Level 1:colcon.colcon_core.environment:checking '/home/max/ros2fish/chapt3_service/chapt3_service_ws/install/example_service_rclcpp/bin'
[7.652s] INFO:colcon.colcon_core.shell:Creating package script '/home/max/ros2fish/chapt3_service/chapt3_service_ws/install/example_service_rclcpp/share/example_service_rclcpp/package.ps1'
[7.655s] INFO:colcon.colcon_core.shell:Creating package descriptor '/home/max/ros2fish/chapt3_service/chapt3_service_ws/install/example_service_rclcpp/share/example_service_rclcpp/package.dsv'
[7.658s] INFO:colcon.colcon_core.shell:Creating package script '/home/max/ros2fish/chapt3_service/chapt3_service_ws/install/example_service_rclcpp/share/example_service_rclcpp/package.sh'
[7.664s] INFO:colcon.colcon_core.shell:Creating package script '/home/max/ros2fish/chapt3_service/chapt3_service_ws/install/example_service_rclcpp/share/example_service_rclcpp/package.bash'
[7.666s] INFO:colcon.colcon_core.shell:Creating package script '/home/max/ros2fish/chapt3_service/chapt3_service_ws/install/example_service_rclcpp/share/example_service_rclcpp/package.zsh'
[7.667s] Level 1:colcon.colcon_core.environment:create_file_with_runtime_dependencies(/home/max/ros2fish/chapt3_service/chapt3_service_ws/install/example_service_rclcpp/share/colcon-core/packages/example_service_rclcpp)
[7.727s] Level 1:colcon.colcon_core.environment:create_environment_scripts_only(example_service_rclcpp)
[7.727s] Level 1:colcon.colcon_core.environment:checking '/home/max/ros2fish/chapt3_service/chapt3_service_ws/install/example_service_rclcpp' for CMake module files
[7.727s] Level 1:colcon.colcon_core.environment:checking '/home/max/ros2fish/chapt3_service/chapt3_service_ws/install/example_service_rclcpp' for CMake config files
[7.728s] Level 1:colcon.colcon_core.shell:create_environment_hook('example_service_rclcpp', 'cmake_prefix_path')
[7.728s] INFO:colcon.colcon_core.shell:Creating environment hook '/home/max/ros2fish/chapt3_service/chapt3_service_ws/install/example_service_rclcpp/share/example_service_rclcpp/hook/cmake_prefix_path.ps1'
[7.729s] INFO:colcon.colcon_core.shell:Creating environment descriptor '/home/max/ros2fish/chapt3_service/chapt3_service_ws/install/example_service_rclcpp/share/example_service_rclcpp/hook/cmake_prefix_path.dsv'
[7.730s] INFO:colcon.colcon_core.shell:Creating environment hook '/home/max/ros2fish/chapt3_service/chapt3_service_ws/install/example_service_rclcpp/share/example_service_rclcpp/hook/cmake_prefix_path.sh'
[7.731s] Level 1:colcon.colcon_core.environment:checking '/home/max/ros2fish/chapt3_service/chapt3_service_ws/install/example_service_rclcpp/lib'
[7.731s] Level 1:colcon.colcon_core.environment:checking '/home/max/ros2fish/chapt3_service/chapt3_service_ws/install/example_service_rclcpp/bin'
[7.731s] Level 1:colcon.colcon_core.environment:checking '/home/max/ros2fish/chapt3_service/chapt3_service_ws/install/example_service_rclcpp/lib/pkgconfig/example_service_rclcpp.pc'
[7.731s] Level 1:colcon.colcon_core.environment:checking '/home/max/ros2fish/chapt3_service/chapt3_service_ws/install/example_service_rclcpp/lib/python3.10/site-packages'
[7.732s] Level 1:colcon.colcon_core.environment:checking '/home/max/ros2fish/chapt3_service/chapt3_service_ws/install/example_service_rclcpp/bin'
[7.732s] INFO:colcon.colcon_core.shell:Creating package script '/home/max/ros2fish/chapt3_service/chapt3_service_ws/install/example_service_rclcpp/share/example_service_rclcpp/package.ps1'
[7.733s] INFO:colcon.colcon_core.shell:Creating package descriptor '/home/max/ros2fish/chapt3_service/chapt3_service_ws/install/example_service_rclcpp/share/example_service_rclcpp/package.dsv'
[7.734s] INFO:colcon.colcon_core.shell:Creating package script '/home/max/ros2fish/chapt3_service/chapt3_service_ws/install/example_service_rclcpp/share/example_service_rclcpp/package.sh'
[7.735s] INFO:colcon.colcon_core.shell:Creating package script '/home/max/ros2fish/chapt3_service/chapt3_service_ws/install/example_service_rclcpp/share/example_service_rclcpp/package.bash'
[7.736s] INFO:colcon.colcon_core.shell:Creating package script '/home/max/ros2fish/chapt3_service/chapt3_service_ws/install/example_service_rclcpp/share/example_service_rclcpp/package.zsh'
[7.737s] Level 1:colcon.colcon_core.environment:create_file_with_runtime_dependencies(/home/max/ros2fish/chapt3_service/chapt3_service_ws/install/example_service_rclcpp/share/colcon-core/packages/example_service_rclcpp)
[7.737s] DEBUG:colcon.colcon_parallel_executor.executor.parallel:closing loop
[7.745s] DEBUG:colcon.colcon_parallel_executor.executor.parallel:loop closed
[7.745s] DEBUG:colcon.colcon_parallel_executor.executor.parallel:run_until_complete finished with '0'
[7.745s] DEBUG:colcon.colcon_core.event_reactor:joining thread
[7.751s] INFO:colcon.colcon_core.plugin_system:Skipping extension 'colcon_notification.desktop_notification.terminal_notifier': Not used on non-Darwin systems
[7.751s] INFO:colcon.colcon_core.plugin_system:Skipping extension 'colcon_notification.desktop_notification.win32': Not used on non-Windows systems
[7.751s] INFO:colcon.colcon_notification.desktop_notification:Sending desktop notification using 'notify2'
[7.785s] DEBUG:colcon.colcon_core.event_reactor:joined thread
[7.786s] INFO:colcon.colcon_core.shell:Creating prefix script '/home/max/ros2fish/chapt3_service/chapt3_service_ws/install/local_setup.ps1'
[7.788s] INFO:colcon.colcon_core.shell:Creating prefix util module '/home/max/ros2fish/chapt3_service/chapt3_service_ws/install/_local_setup_util_ps1.py'
[7.790s] INFO:colcon.colcon_core.shell:Creating prefix chain script '/home/max/ros2fish/chapt3_service/chapt3_service_ws/install/setup.ps1'
[7.791s] INFO:colcon.colcon_core.shell:Creating prefix script '/home/max/ros2fish/chapt3_service/chapt3_service_ws/install/local_setup.sh'
[7.792s] INFO:colcon.colcon_core.shell:Creating prefix util module '/home/max/ros2fish/chapt3_service/chapt3_service_ws/install/_local_setup_util_sh.py'
[7.795s] INFO:colcon.colcon_core.shell:Creating prefix chain script '/home/max/ros2fish/chapt3_service/chapt3_service_ws/install/setup.sh'
[7.798s] INFO:colcon.colcon_core.shell:Creating prefix script '/home/max/ros2fish/chapt3_service/chapt3_service_ws/install/local_setup.bash'
[7.799s] INFO:colcon.colcon_core.shell:Creating prefix chain script '/home/max/ros2fish/chapt3_service/chapt3_service_ws/install/setup.bash'
[7.800s] INFO:colcon.colcon_core.shell:Creating prefix script '/home/max/ros2fish/chapt3_service/chapt3_service_ws/install/local_setup.zsh'
[7.805s] INFO:colcon.colcon_core.shell:Creating prefix chain script '/home/max/ros2fish/chapt3_service/chapt3_service_ws/install/setup.zsh'
