[0.568s] DEBUG:colcon:Command line arguments: ['/usr/bin/colcon', 'build']
[0.569s] DEBUG:colcon:Parsed command line arguments: Namespace(log_base=None, log_level=None, verb_name='build', build_base='build', install_base='install', merge_install=False, symlink_install=False, test_result_base=None, continue_on_error=False, executor='parallel', parallel_workers=2, event_handlers=None, ignore_user_meta=False, metas=['./colcon.meta'], base_paths=['.'], packages_ignore=None, packages_ignore_regex=None, paths=None, packages_up_to=None, packages_up_to_regex=None, packages_above=None, packages_above_and_dependencies=None, packages_above_depth=None, packages_select_by_dep=None, packages_skip_by_dep=None, packages_skip_up_to=None, packages_select_build_failed=False, packages_skip_build_finished=False, packages_select_test_failures=False, packages_skip_test_passed=False, packages_select=None, packages_skip=None, packages_select_regex=None, packages_skip_regex=None, packages_start=None, packages_end=None, allow_overriding=[], cmake_args=None, cmake_target=None, cmake_target_skip_unavailable=False, cmake_clean_cache=False, cmake_clean_first=False, cmake_force_configure=False, ament_cmake_args=None, catkin_cmake_args=None, catkin_skip_building_tests=False, verb_parser=<colcon_defaults.argument_parser.defaults.DefaultArgumentsDecorator object at 0x7b21e47f7d60>, verb_extension=<colcon_core.verb.build.BuildVerb object at 0x7b21e47f6d70>, main=<bound method BuildVerb.main of <colcon_core.verb.build.BuildVerb object at 0x7b21e47f6d70>>)
[1.099s] Level 1:colcon.colcon_core.package_discovery:discover_packages(colcon_meta) check parameters
[1.099s] Level 1:colcon.colcon_core.package_discovery:discover_packages(recursive) check parameters
[1.099s] Level 1:colcon.colcon_core.package_discovery:discover_packages(ignore) check parameters
[1.099s] Level 1:colcon.colcon_core.package_discovery:discover_packages(path) check parameters
[1.099s] Level 1:colcon.colcon_core.package_discovery:discover_packages(colcon_meta) discover
[1.100s] Level 1:colcon.colcon_core.package_discovery:discover_packages(recursive) discover
[1.100s] INFO:colcon.colcon_core.package_discovery:Crawling recursively for packages in '/home/max/ros2fish/chapt3_service/chapt3_service_ws'
[1.100s] Level 1:colcon.colcon_core.package_identification:_identify(.) by extensions ['ignore', 'ignore_ament_install']
[1.100s] Level 1:colcon.colcon_core.package_identification:_identify(.) by extension 'ignore'
[1.101s] Level 1:colcon.colcon_core.package_identification:_identify(.) by extension 'ignore_ament_install'
[1.101s] Level 1:colcon.colcon_core.package_identification:_identify(.) by extensions ['colcon_pkg']
[1.101s] Level 1:colcon.colcon_core.package_identification:_identify(.) by extension 'colcon_pkg'
[1.101s] Level 1:colcon.colcon_core.package_identification:_identify(.) by extensions ['colcon_meta']
[1.101s] Level 1:colcon.colcon_core.package_identification:_identify(.) by extension 'colcon_meta'
[1.101s] Level 1:colcon.colcon_core.package_identification:_identify(.) by extensions ['ros']
[1.101s] Level 1:colcon.colcon_core.package_identification:_identify(.) by extension 'ros'
[1.126s] Level 1:colcon.colcon_core.package_identification:_identify(.) by extensions ['cmake', 'python']
[1.126s] Level 1:colcon.colcon_core.package_identification:_identify(.) by extension 'cmake'
[1.126s] Level 1:colcon.colcon_core.package_identification:_identify(.) by extension 'python'
[1.127s] Level 1:colcon.colcon_core.package_identification:_identify(.) by extensions ['python_setup_py']
[1.127s] Level 1:colcon.colcon_core.package_identification:_identify(.) by extension 'python_setup_py'
[1.127s] Level 1:colcon.colcon_core.package_identification:_identify(build) by extensions ['ignore', 'ignore_ament_install']
[1.127s] Level 1:colcon.colcon_core.package_identification:_identify(build) by extension 'ignore'
[1.127s] Level 1:colcon.colcon_core.package_identification:_identify(build) ignored
[1.127s] Level 1:colcon.colcon_core.package_identification:_identify(install) by extensions ['ignore', 'ignore_ament_install']
[1.128s] Level 1:colcon.colcon_core.package_identification:_identify(install) by extension 'ignore'
[1.128s] Level 1:colcon.colcon_core.package_identification:_identify(install) ignored
[1.130s] Level 1:colcon.colcon_core.package_identification:_identify(log) by extensions ['ignore', 'ignore_ament_install']
[1.131s] Level 1:colcon.colcon_core.package_identification:_identify(log) by extension 'ignore'
[1.131s] Level 1:colcon.colcon_core.package_identification:_identify(log) ignored
[1.132s] Level 1:colcon.colcon_core.package_identification:_identify(src) by extensions ['ignore', 'ignore_ament_install']
[1.132s] Level 1:colcon.colcon_core.package_identification:_identify(src) by extension 'ignore'
[1.132s] Level 1:colcon.colcon_core.package_identification:_identify(src) by extension 'ignore_ament_install'
[1.132s] Level 1:colcon.colcon_core.package_identification:_identify(src) by extensions ['colcon_pkg']
[1.133s] Level 1:colcon.colcon_core.package_identification:_identify(src) by extension 'colcon_pkg'
[1.133s] Level 1:colcon.colcon_core.package_identification:_identify(src) by extensions ['colcon_meta']
[1.133s] Level 1:colcon.colcon_core.package_identification:_identify(src) by extension 'colcon_meta'
[1.133s] Level 1:colcon.colcon_core.package_identification:_identify(src) by extensions ['ros']
[1.133s] Level 1:colcon.colcon_core.package_identification:_identify(src) by extension 'ros'
[1.133s] Level 1:colcon.colcon_core.package_identification:_identify(src) by extensions ['cmake', 'python']
[1.133s] Level 1:colcon.colcon_core.package_identification:_identify(src) by extension 'cmake'
[1.133s] Level 1:colcon.colcon_core.package_identification:_identify(src) by extension 'python'
[1.133s] Level 1:colcon.colcon_core.package_identification:_identify(src) by extensions ['python_setup_py']
[1.133s] Level 1:colcon.colcon_core.package_identification:_identify(src) by extension 'python_setup_py'
[1.133s] Level 1:colcon.colcon_core.package_identification:_identify(src/example_service_rclcpp) by extensions ['ignore', 'ignore_ament_install']
[1.133s] Level 1:colcon.colcon_core.package_identification:_identify(src/example_service_rclcpp) by extension 'ignore'
[1.133s] Level 1:colcon.colcon_core.package_identification:_identify(src/example_service_rclcpp) by extension 'ignore_ament_install'
[1.134s] Level 1:colcon.colcon_core.package_identification:_identify(src/example_service_rclcpp) by extensions ['colcon_pkg']
[1.134s] Level 1:colcon.colcon_core.package_identification:_identify(src/example_service_rclcpp) by extension 'colcon_pkg'
[1.134s] Level 1:colcon.colcon_core.package_identification:_identify(src/example_service_rclcpp) by extensions ['colcon_meta']
[1.134s] Level 1:colcon.colcon_core.package_identification:_identify(src/example_service_rclcpp) by extension 'colcon_meta'
[1.134s] Level 1:colcon.colcon_core.package_identification:_identify(src/example_service_rclcpp) by extensions ['ros']
[1.134s] Level 1:colcon.colcon_core.package_identification:_identify(src/example_service_rclcpp) by extension 'ros'
[1.140s] DEBUG:colcon.colcon_core.package_identification:Package 'src/example_service_rclcpp' with type 'ros.ament_cmake' and name 'example_service_rclcpp'
[1.140s] Level 1:colcon.colcon_core.package_discovery:discover_packages(recursive) using defaults
[1.140s] Level 1:colcon.colcon_core.package_discovery:discover_packages(ignore) discover
[1.140s] Level 1:colcon.colcon_core.package_discovery:discover_packages(ignore) using defaults
[1.140s] Level 1:colcon.colcon_core.package_discovery:discover_packages(path) discover
[1.140s] Level 1:colcon.colcon_core.package_discovery:discover_packages(path) using defaults
[1.233s] Level 1:colcon.colcon_core.package_discovery:discover_packages(prefix_path) check parameters
[1.233s] Level 1:colcon.colcon_core.package_discovery:discover_packages(prefix_path) discover
[1.252s] DEBUG:colcon.colcon_installed_package_information.package_discovery:Found 1 installed packages in /home/max/ros2fish/chapt3_service/chapt3_service_ws/install
[1.256s] DEBUG:colcon.colcon_installed_package_information.package_discovery:Found 270 installed packages in /opt/ros/humble
[1.259s] Level 1:colcon.colcon_core.package_discovery:discover_packages(prefix_path) using defaults
[1.467s] Level 5:colcon.colcon_core.verb:set package 'example_service_rclcpp' build argument 'cmake_args' from command line to 'None'
[1.467s] Level 5:colcon.colcon_core.verb:set package 'example_service_rclcpp' build argument 'cmake_target' from command line to 'None'
[1.468s] Level 5:colcon.colcon_core.verb:set package 'example_service_rclcpp' build argument 'cmake_target_skip_unavailable' from command line to 'False'
[1.468s] Level 5:colcon.colcon_core.verb:set package 'example_service_rclcpp' build argument 'cmake_clean_cache' from command line to 'False'
[1.468s] Level 5:colcon.colcon_core.verb:set package 'example_service_rclcpp' build argument 'cmake_clean_first' from command line to 'False'
[1.468s] Level 5:colcon.colcon_core.verb:set package 'example_service_rclcpp' build argument 'cmake_force_configure' from command line to 'False'
[1.468s] Level 5:colcon.colcon_core.verb:set package 'example_service_rclcpp' build argument 'ament_cmake_args' from command line to 'None'
[1.468s] Level 5:colcon.colcon_core.verb:set package 'example_service_rclcpp' build argument 'catkin_cmake_args' from command line to 'None'
[1.468s] Level 5:colcon.colcon_core.verb:set package 'example_service_rclcpp' build argument 'catkin_skip_building_tests' from command line to 'False'
[1.468s] DEBUG:colcon.colcon_core.verb:Building package 'example_service_rclcpp' with the following arguments: {'ament_cmake_args': None, 'build_base': '/home/max/ros2fish/chapt3_service/chapt3_service_ws/build/example_service_rclcpp', 'catkin_cmake_args': None, 'catkin_skip_building_tests': False, 'cmake_args': None, 'cmake_clean_cache': False, 'cmake_clean_first': False, 'cmake_force_configure': False, 'cmake_target': None, 'cmake_target_skip_unavailable': False, 'install_base': '/home/max/ros2fish/chapt3_service/chapt3_service_ws/install/example_service_rclcpp', 'merge_install': False, 'path': '/home/max/ros2fish/chapt3_service/chapt3_service_ws/src/example_service_rclcpp', 'symlink_install': False, 'test_result_base': None}
[1.468s] INFO:colcon.colcon_core.executor:Executing jobs using 'parallel' executor
[1.471s] DEBUG:colcon.colcon_parallel_executor.executor.parallel:run_until_complete
[1.472s] INFO:colcon.colcon_ros.task.ament_cmake.build:Building ROS package in '/home/max/ros2fish/chapt3_service/chapt3_service_ws/src/example_service_rclcpp' with build type 'ament_cmake'
[1.473s] INFO:colcon.colcon_cmake.task.cmake.build:Building CMake package in '/home/max/ros2fish/chapt3_service/chapt3_service_ws/src/example_service_rclcpp'
[1.481s] INFO:colcon.colcon_core.plugin_system:Skipping extension 'colcon_core.shell.bat': Not used on non-Windows systems
[1.481s] INFO:colcon.colcon_core.shell:Skip shell extension 'powershell' for command environment: Not usable outside of PowerShell
[1.481s] DEBUG:colcon.colcon_core.shell:Skip shell extension 'dsv' for command environment
[1.506s] DEBUG:colcon.colcon_core.event_handler.log_command:Invoking command in '/home/max/ros2fish/chapt3_service/chapt3_service_ws/build/example_service_rclcpp': CMAKE_PREFIX_PATH=${CMAKE_PREFIX_PATH}:/opt/ros/humble /usr/bin/cmake --build /home/max/ros2fish/chapt3_service/chapt3_service_ws/build/example_service_rclcpp -- -j2 -l2
[13.366s] DEBUG:colcon.colcon_core.event_handler.log_command:Invoked command in '/home/max/ros2fish/chapt3_service/chapt3_service_ws/build/example_service_rclcpp' returned '2': CMAKE_PREFIX_PATH=${CMAKE_PREFIX_PATH}:/opt/ros/humble /usr/bin/cmake --build /home/max/ros2fish/chapt3_service/chapt3_service_ws/build/example_service_rclcpp -- -j2 -l2
[13.438s] Level 1:colcon.colcon_core.environment:create_environment_scripts_only(example_service_rclcpp)
[13.452s] Level 1:colcon.colcon_core.environment:checking '/home/max/ros2fish/chapt3_service/chapt3_service_ws/install/example_service_rclcpp' for CMake module files
[13.454s] Level 1:colcon.colcon_core.environment:checking '/home/max/ros2fish/chapt3_service/chapt3_service_ws/install/example_service_rclcpp' for CMake config files
[13.455s] Level 1:colcon.colcon_core.shell:create_environment_hook('example_service_rclcpp', 'cmake_prefix_path')
[13.456s] INFO:colcon.colcon_core.shell:Creating environment hook '/home/max/ros2fish/chapt3_service/chapt3_service_ws/install/example_service_rclcpp/share/example_service_rclcpp/hook/cmake_prefix_path.ps1'
[13.458s] INFO:colcon.colcon_core.shell:Creating environment descriptor '/home/max/ros2fish/chapt3_service/chapt3_service_ws/install/example_service_rclcpp/share/example_service_rclcpp/hook/cmake_prefix_path.dsv'
[13.460s] INFO:colcon.colcon_core.shell:Creating environment hook '/home/max/ros2fish/chapt3_service/chapt3_service_ws/install/example_service_rclcpp/share/example_service_rclcpp/hook/cmake_prefix_path.sh'
[13.462s] Level 1:colcon.colcon_core.environment:checking '/home/max/ros2fish/chapt3_service/chapt3_service_ws/install/example_service_rclcpp/lib'
[13.462s] Level 1:colcon.colcon_core.environment:checking '/home/max/ros2fish/chapt3_service/chapt3_service_ws/install/example_service_rclcpp/bin'
[13.462s] Level 1:colcon.colcon_core.environment:checking '/home/max/ros2fish/chapt3_service/chapt3_service_ws/install/example_service_rclcpp/lib/pkgconfig/example_service_rclcpp.pc'
[13.463s] Level 1:colcon.colcon_core.environment:checking '/home/max/ros2fish/chapt3_service/chapt3_service_ws/install/example_service_rclcpp/lib/python3.10/site-packages'
[13.463s] Level 1:colcon.colcon_core.environment:checking '/home/max/ros2fish/chapt3_service/chapt3_service_ws/install/example_service_rclcpp/bin'
[13.463s] INFO:colcon.colcon_core.shell:Creating package script '/home/max/ros2fish/chapt3_service/chapt3_service_ws/install/example_service_rclcpp/share/example_service_rclcpp/package.ps1'
[13.471s] INFO:colcon.colcon_core.shell:Creating package descriptor '/home/max/ros2fish/chapt3_service/chapt3_service_ws/install/example_service_rclcpp/share/example_service_rclcpp/package.dsv'
[13.473s] INFO:colcon.colcon_core.shell:Creating package script '/home/max/ros2fish/chapt3_service/chapt3_service_ws/install/example_service_rclcpp/share/example_service_rclcpp/package.sh'
[13.474s] INFO:colcon.colcon_core.shell:Creating package script '/home/max/ros2fish/chapt3_service/chapt3_service_ws/install/example_service_rclcpp/share/example_service_rclcpp/package.bash'
[13.477s] INFO:colcon.colcon_core.shell:Creating package script '/home/max/ros2fish/chapt3_service/chapt3_service_ws/install/example_service_rclcpp/share/example_service_rclcpp/package.zsh'
[13.479s] Level 1:colcon.colcon_core.environment:create_file_with_runtime_dependencies(/home/max/ros2fish/chapt3_service/chapt3_service_ws/install/example_service_rclcpp/share/colcon-core/packages/example_service_rclcpp)
[13.490s] DEBUG:colcon.colcon_parallel_executor.executor.parallel:closing loop
[13.490s] DEBUG:colcon.colcon_parallel_executor.executor.parallel:loop closed
[13.490s] DEBUG:colcon.colcon_parallel_executor.executor.parallel:run_until_complete finished with '2'
[13.490s] DEBUG:colcon.colcon_core.event_reactor:joining thread
[13.527s] INFO:colcon.colcon_core.plugin_system:Skipping extension 'colcon_notification.desktop_notification.terminal_notifier': Not used on non-Darwin systems
[13.527s] INFO:colcon.colcon_core.plugin_system:Skipping extension 'colcon_notification.desktop_notification.win32': Not used on non-Windows systems
[13.527s] INFO:colcon.colcon_notification.desktop_notification:Sending desktop notification using 'notify2'
[13.552s] DEBUG:colcon.colcon_core.event_reactor:joined thread
[13.552s] INFO:colcon.colcon_core.shell:Creating prefix script '/home/max/ros2fish/chapt3_service/chapt3_service_ws/install/local_setup.ps1'
[13.553s] INFO:colcon.colcon_core.shell:Creating prefix util module '/home/max/ros2fish/chapt3_service/chapt3_service_ws/install/_local_setup_util_ps1.py'
[13.555s] INFO:colcon.colcon_core.shell:Creating prefix chain script '/home/max/ros2fish/chapt3_service/chapt3_service_ws/install/setup.ps1'
[13.557s] INFO:colcon.colcon_core.shell:Creating prefix script '/home/max/ros2fish/chapt3_service/chapt3_service_ws/install/local_setup.sh'
[13.561s] INFO:colcon.colcon_core.shell:Creating prefix util module '/home/max/ros2fish/chapt3_service/chapt3_service_ws/install/_local_setup_util_sh.py'
[13.562s] INFO:colcon.colcon_core.shell:Creating prefix chain script '/home/max/ros2fish/chapt3_service/chapt3_service_ws/install/setup.sh'
[13.567s] INFO:colcon.colcon_core.shell:Creating prefix script '/home/max/ros2fish/chapt3_service/chapt3_service_ws/install/local_setup.bash'
[13.571s] INFO:colcon.colcon_core.shell:Creating prefix chain script '/home/max/ros2fish/chapt3_service/chapt3_service_ws/install/setup.bash'
[13.574s] INFO:colcon.colcon_core.shell:Creating prefix script '/home/max/ros2fish/chapt3_service/chapt3_service_ws/install/local_setup.zsh'
[13.577s] INFO:colcon.colcon_core.shell:Creating prefix chain script '/home/max/ros2fish/chapt3_service/chapt3_service_ws/install/setup.zsh'
