[0.477s] DEBUG:colcon:Command line arguments: ['/usr/bin/colcon', 'list', '-p', '--base-paths', '/home/max/ros2fish/chapt3_service/chapt3_service_ws']
[0.477s] DEBUG:colcon:Parsed command line arguments: Namespace(log_base=None, log_level=None, verb_name='list', build_base='build', ignore_user_meta=False, metas=['./colcon.meta'], base_paths=['/home/max/ros2fish/chapt3_service/chapt3_service_ws'], packages_ignore=None, packages_ignore_regex=None, paths=None, packages_up_to=None, packages_up_to_regex=None, packages_above=None, packages_above_and_dependencies=None, packages_above_depth=None, packages_select_by_dep=None, packages_skip_by_dep=None, packages_skip_up_to=None, packages_select_build_failed=False, packages_skip_build_finished=False, packages_select_test_failures=False, packages_skip_test_passed=False, packages_select=None, packages_skip=None, packages_select_regex=None, packages_skip_regex=None, packages_start=None, packages_end=None, allow_overriding=[], topological_order=False, names_only=False, paths_only=True, topological_graph=False, topological_graph_dot=False, topological_graph_density=False, topological_graph_legend=False, topological_graph_dot_cluster=False, topological_graph_dot_include_skipped=False, verb_parser=<colcon_defaults.argument_parser.defaults.DefaultArgumentsDecorator object at 0x724ca5f0c820>, verb_extension=<colcon_package_information.verb.list.ListVerb object at 0x724ca5ecf610>, main=<bound method ListVerb.main of <colcon_package_information.verb.list.ListVerb object at 0x724ca5ecf610>>)
[1.522s] Level 1:colcon.colcon_core.package_discovery:discover_packages(colcon_meta) check parameters
[1.522s] Level 1:colcon.colcon_core.package_discovery:discover_packages(recursive) check parameters
[1.522s] Level 1:colcon.colcon_core.package_discovery:discover_packages(ignore) check parameters
[1.522s] Level 1:colcon.colcon_core.package_discovery:discover_packages(path) check parameters
[1.522s] Level 1:colcon.colcon_core.package_discovery:discover_packages(recursive) discover
[1.522s] INFO:colcon.colcon_core.package_discovery:Crawling recursively for packages in '/home/max/ros2fish/chapt3_service/chapt3_service_ws'
[1.522s] Level 1:colcon.colcon_core.package_identification:_identify(/home/max/ros2fish/chapt3_service/chapt3_service_ws) by extensions ['ignore', 'ignore_ament_install']
[1.523s] Level 1:colcon.colcon_core.package_identification:_identify(/home/max/ros2fish/chapt3_service/chapt3_service_ws) by extension 'ignore'
[1.523s] Level 1:colcon.colcon_core.package_identification:_identify(/home/max/ros2fish/chapt3_service/chapt3_service_ws) by extension 'ignore_ament_install'
[1.523s] Level 1:colcon.colcon_core.package_identification:_identify(/home/max/ros2fish/chapt3_service/chapt3_service_ws) by extensions ['colcon_pkg']
[1.523s] Level 1:colcon.colcon_core.package_identification:_identify(/home/max/ros2fish/chapt3_service/chapt3_service_ws) by extension 'colcon_pkg'
[1.523s] Level 1:colcon.colcon_core.package_identification:_identify(/home/max/ros2fish/chapt3_service/chapt3_service_ws) by extensions ['colcon_meta']
[1.523s] Level 1:colcon.colcon_core.package_identification:_identify(/home/max/ros2fish/chapt3_service/chapt3_service_ws) by extension 'colcon_meta'
[1.523s] Level 1:colcon.colcon_core.package_identification:_identify(/home/max/ros2fish/chapt3_service/chapt3_service_ws) by extensions ['ros']
[1.523s] Level 1:colcon.colcon_core.package_identification:_identify(/home/max/ros2fish/chapt3_service/chapt3_service_ws) by extension 'ros'
[1.576s] Level 1:colcon.colcon_core.package_identification:_identify(/home/max/ros2fish/chapt3_service/chapt3_service_ws) by extensions ['cmake', 'python']
[1.576s] Level 1:colcon.colcon_core.package_identification:_identify(/home/max/ros2fish/chapt3_service/chapt3_service_ws) by extension 'cmake'
[1.576s] Level 1:colcon.colcon_core.package_identification:_identify(/home/max/ros2fish/chapt3_service/chapt3_service_ws) by extension 'python'
[1.576s] Level 1:colcon.colcon_core.package_identification:_identify(/home/max/ros2fish/chapt3_service/chapt3_service_ws) by extensions ['python_setup_py']
[1.576s] Level 1:colcon.colcon_core.package_identification:_identify(/home/max/ros2fish/chapt3_service/chapt3_service_ws) by extension 'python_setup_py'
[1.576s] Level 1:colcon.colcon_core.package_identification:_identify(/home/max/ros2fish/chapt3_service/chapt3_service_ws/log) by extensions ['ignore', 'ignore_ament_install']
[1.576s] Level 1:colcon.colcon_core.package_identification:_identify(/home/max/ros2fish/chapt3_service/chapt3_service_ws/log) by extension 'ignore'
[1.576s] Level 1:colcon.colcon_core.package_identification:_identify(/home/max/ros2fish/chapt3_service/chapt3_service_ws/log) ignored
[1.576s] Level 1:colcon.colcon_core.package_identification:_identify(/home/max/ros2fish/chapt3_service/chapt3_service_ws/src) by extensions ['ignore', 'ignore_ament_install']
[1.576s] Level 1:colcon.colcon_core.package_identification:_identify(/home/max/ros2fish/chapt3_service/chapt3_service_ws/src) by extension 'ignore'
[1.577s] Level 1:colcon.colcon_core.package_identification:_identify(/home/max/ros2fish/chapt3_service/chapt3_service_ws/src) by extension 'ignore_ament_install'
[1.577s] Level 1:colcon.colcon_core.package_identification:_identify(/home/max/ros2fish/chapt3_service/chapt3_service_ws/src) by extensions ['colcon_pkg']
[1.577s] Level 1:colcon.colcon_core.package_identification:_identify(/home/max/ros2fish/chapt3_service/chapt3_service_ws/src) by extension 'colcon_pkg'
[1.577s] Level 1:colcon.colcon_core.package_identification:_identify(/home/max/ros2fish/chapt3_service/chapt3_service_ws/src) by extensions ['colcon_meta']
[1.577s] Level 1:colcon.colcon_core.package_identification:_identify(/home/max/ros2fish/chapt3_service/chapt3_service_ws/src) by extension 'colcon_meta'
[1.577s] Level 1:colcon.colcon_core.package_identification:_identify(/home/max/ros2fish/chapt3_service/chapt3_service_ws/src) by extensions ['ros']
[1.577s] Level 1:colcon.colcon_core.package_identification:_identify(/home/max/ros2fish/chapt3_service/chapt3_service_ws/src) by extension 'ros'
[1.577s] Level 1:colcon.colcon_core.package_identification:_identify(/home/max/ros2fish/chapt3_service/chapt3_service_ws/src) by extensions ['cmake', 'python']
[1.577s] Level 1:colcon.colcon_core.package_identification:_identify(/home/max/ros2fish/chapt3_service/chapt3_service_ws/src) by extension 'cmake'
[1.577s] Level 1:colcon.colcon_core.package_identification:_identify(/home/max/ros2fish/chapt3_service/chapt3_service_ws/src) by extension 'python'
[1.577s] Level 1:colcon.colcon_core.package_identification:_identify(/home/max/ros2fish/chapt3_service/chapt3_service_ws/src) by extensions ['python_setup_py']
[1.577s] Level 1:colcon.colcon_core.package_identification:_identify(/home/max/ros2fish/chapt3_service/chapt3_service_ws/src) by extension 'python_setup_py'
[1.577s] Level 1:colcon.colcon_core.package_identification:_identify(/home/max/ros2fish/chapt3_service/chapt3_service_ws/src/example_service_rclcpp) by extensions ['ignore', 'ignore_ament_install']
[1.577s] Level 1:colcon.colcon_core.package_identification:_identify(/home/max/ros2fish/chapt3_service/chapt3_service_ws/src/example_service_rclcpp) by extension 'ignore'
[1.577s] Level 1:colcon.colcon_core.package_identification:_identify(/home/max/ros2fish/chapt3_service/chapt3_service_ws/src/example_service_rclcpp) by extension 'ignore_ament_install'
[1.577s] Level 1:colcon.colcon_core.package_identification:_identify(/home/max/ros2fish/chapt3_service/chapt3_service_ws/src/example_service_rclcpp) by extensions ['colcon_pkg']
[1.577s] Level 1:colcon.colcon_core.package_identification:_identify(/home/max/ros2fish/chapt3_service/chapt3_service_ws/src/example_service_rclcpp) by extension 'colcon_pkg'
[1.577s] Level 1:colcon.colcon_core.package_identification:_identify(/home/max/ros2fish/chapt3_service/chapt3_service_ws/src/example_service_rclcpp) by extensions ['colcon_meta']
[1.577s] Level 1:colcon.colcon_core.package_identification:_identify(/home/max/ros2fish/chapt3_service/chapt3_service_ws/src/example_service_rclcpp) by extension 'colcon_meta'
[1.577s] Level 1:colcon.colcon_core.package_identification:_identify(/home/max/ros2fish/chapt3_service/chapt3_service_ws/src/example_service_rclcpp) by extensions ['ros']
[1.577s] Level 1:colcon.colcon_core.package_identification:_identify(/home/max/ros2fish/chapt3_service/chapt3_service_ws/src/example_service_rclcpp) by extension 'ros'
[1.617s] DEBUG:colcon.colcon_core.package_identification:Package '/home/max/ros2fish/chapt3_service/chapt3_service_ws/src/example_service_rclcpp' with type 'ros.ament_cmake' and name 'example_service_rclcpp'
[1.617s] Level 1:colcon.colcon_core.package_discovery:discover_packages(recursive) using defaults
